<?xml version="1.0" encoding="UTF-8"?>
<testng-results skipped="0" failed="0" ignored="0" total="1" passed="1">
  <reporter-output>
  </reporter-output>
  <suite name="Default suite" duration-ms="3685" started-at="2020-08-27T13:03:19Z" finished-at="2020-08-27T13:03:22Z">
    <groups>
    </groups>
    <test name="Default test" duration-ms="3685" started-at="2020-08-27T13:03:19Z" finished-at="2020-08-27T13:03:22Z">
      <class name="com.rest.api.delete.DeleteAPITest">
        <test-method status="PASS" signature="delete_user_API_Test()[pri:0, instance:com.rest.api.delete.DeleteAPITest@6f7fd0e6]" name="delete_user_API_Test" duration-ms="3628" started-at="2020-08-27T13:03:19Z" finished-at="2020-08-27T13:03:22Z">
          <reporter-output>
          </reporter-output>
        </test-method> <!-- delete_user_API_Test -->
      </class> <!-- com.rest.api.delete.DeleteAPITest -->
    </test> <!-- Default test -->
  </suite> <!-- Default suite -->
</testng-results>
